1508863795964	geckodriver	INFO	geckodriver 0.19.0
1508863795972	geckodriver	INFO	Listening on 127.0.0.1:64955
1508863798040	mozrunner::runner	INFO	Running command: "C:\\Program Files\\Mozilla Firefox\\firefox.exe" "-marionette" "-profile" "C:\\Users\\Dmitry\\AppData\\Local\\Temp\\rust_mozprofile.bMkpGAhm6wgK"
1508863798694	addons.xpi	WARN	Error parsing extensions state: [Exception... "Component returned failure code: 0x80520012 (NS_ERROR_FILE_NOT_FOUND) [amIAddonManagerStartup.readStartupData]"  nsresult: "0x80520012 (NS_ERROR_FILE_NOT_FOUND)"  location: "JS frame :: resource://gre/modules/addons/XPIProvider.jsm :: loadExtensionState :: line 1554"  data: no] Stack trace: loadExtensionState()@resource://gre/modules/addons/XPIProvider.jsm:1554 < getInstallState()@resource://gre/modules/addons/XPIProvider.jsm:1589 < checkForChanges()@resource://gre/modules/addons/XPIProvider.jsm:3109 < startup()@resource://gre/modules/addons/XPIProvider.jsm:2188 < callProvider()@resource://gre/modules/AddonManager.jsm:269 < _startProvider()@resource://gre/modules/AddonManager.jsm:739 < startup()@resource://gre/modules/AddonManager.jsm:906 < startup()@resource://gre/modules/AddonManager.jsm:3090 < observe()@jar:file:///C:/Program%20Files/Mozilla%20Firefox/omni.ja!/components/addonManager.js:65
1508863799275	Marionette	INFO	Enabled via --marionette
1508863801678	Marionette	INFO	Listening on port 64961
1508863802176	Marionette	WARN	TLS certificate errors will be ignored for this session
1508863802240	Marionette	DEBUG	Register listener.js for window 4294967297
1508863802276	Marionette	DEBUG	Received DOM event "beforeunload" for "about:blank"
1508863804952	Marionette	DEBUG	Received DOM event "pagehide" for "about:blank"
1508863804952	Marionette	DEBUG	Received DOM event "unload" for "about:blank"
Unable to read VR Path Registry from C:\Users\Dmitry\AppData\Local\openvr\openvrpaths.vrpath
JavaScript warning: https://oauth20.mos.ru/js/certnew.js, line 797: unreachable code after return statement
1508863806346	Marionette	DEBUG	Received DOM event "DOMContentLoaded" for "https://oauth20.mos.ru/sps/login.jsp"
1508863806856	Marionette	DEBUG	Received DOM event "pageshow" for "https://oauth20.mos.ru/sps/login.jsp"
1508863807118	Marionette	DEBUG	Received DOM event "beforeunload" for "https://oauth20.mos.ru/sps/login.jsp"
1508863807415	Marionette	DEBUG	Received DOM event "pagehide" for "https://oauth20.mos.ru/sps/login.jsp"
1508863807415	Marionette	DEBUG	Received DOM event "unload" for "https://oauth20.mos.ru/sps/login.jsp"
JavaScript warning: https://www.mos.ru/static/js/libs2.js?RMD-1213.0, line 5588: unreachable code after return statement
1508863808706	Marionette	DEBUG	Received DOM event "DOMContentLoaded" for "https://www.mos.ru/"
JavaScript error: https://ads.adfox.ru/255877/prepareCode?bid=&dl=https%3A%2F%2Fwww.mos.ru%2F&pd=24&pdh=1080&pdw=1920&pr1=3921120849&pr=2696636961&prr=https%3A%2F%2Foauth20.mos.ru%2Fsps%2Flogin.jsp&pv=19&pw=2&skipToken=&adSessionId=&layoutConfig=%7B%22win_width%22%3A1268%2C%22win_height%22%3A881%2C%22width%22%3A1251%2C%22height%22%3A0%2C%22left%22%3A0%2C%22top%22%3A94%2C%22visible%22%3A1%2C%22req_no%22%3A0%7D&ylv=0.527&ybv=0.527&extid_loader=MTUwODg2MzgwNjk5MzYxMzM1&extid_tag_loader=www.mos.ru&ytt=5&p1=bxgae&p2=y&utf8=%E2%9C%93&grab=dNCe0YTQuNGG0LjQsNC70YzQvdGL0Lkg0YHQsNC50YIg0JzRjdGA0LAg0JzQvtGB0LrQstGLCjPQo9GB0LvRg9Cz0Lgg0Lgg0YHQtdGA0LLQuNGB0YsgCg%3D%3D, line 2: NS_ERROR_NOT_INITIALIZED: 
1508863811326	Marionette	DEBUG	Received observer notification "outer-window-destroyed" for "4294967302"
1508863812665	Marionette	DEBUG	Received DOM event "pageshow" for "https://www.mos.ru/"
1508863812704	Marionette	DEBUG	Received DOM event "beforeunload" for "https://www.mos.ru/"
1508863813433	Marionette	DEBUG	Received DOM event "pagehide" for "https://www.mos.ru/"
1508863813433	Marionette	DEBUG	Received DOM event "unload" for "https://www.mos.ru/"
1508863814780	Marionette	DEBUG	Received observer notification "outer-window-destroyed" for "4294967314"
1508863814781	Marionette	DEBUG	Received observer notification "outer-window-destroyed" for "4294967305"
1508863814783	Marionette	DEBUG	Received observer notification "outer-window-destroyed" for "4294967316"
1508863814783	Marionette	DEBUG	Received observer notification "outer-window-destroyed" for "4294967307"
1508863814785	Marionette	DEBUG	Received observer notification "outer-window-destroyed" for "4294967318"
1508863814786	Marionette	DEBUG	Received observer notification "outer-window-destroyed" for "4294967309"
1508863814787	Marionette	DEBUG	Received observer notification "outer-window-destroyed" for "4294967323"
1508863815439	Marionette	DEBUG	Received DOM event "DOMContentLoaded" for "https://dnevnik.mos.ru/?token=bae7a0c461e8ec996ffb05465b93e94a"
1508863815702	Marionette	DEBUG	Received DOM event "pageshow" for "https://dnevnik.mos.ru/?token=bae7a0c461e8ec996ffb05465b93e94a"
1508863817111	Marionette	DEBUG	Received DOM event "DOMContentLoaded" for "https://dnevnik.mos.ru/desktop"
1508863818429	Marionette	DEBUG	Received DOM event "pageshow" for "https://dnevnik.mos.ru/desktop"
1508863818470	Marionette	DEBUG	Received DOM event "beforeunload" for "https://dnevnik.mos.ru/desktop"
1508863818493	Marionette	DEBUG	Received DOM event "pagehide" for "https://dnevnik.mos.ru/desktop"
1508863818493	Marionette	DEBUG	Received DOM event "unload" for "https://dnevnik.mos.ru/desktop"
1508863819944	Marionette	DEBUG	Received DOM event "DOMContentLoaded" for "https://dnevnik.mos.ru/manage/student_homeworks"
1508863821131	Marionette	DEBUG	Received DOM event "pageshow" for "https://dnevnik.mos.ru/manage/student_homeworks"
sktop"
1508863578754	Marionette	DEBUG	Received DOM event "unload" for "https://dnevnik.mos.ru/desktop"
1508863580143	Marionette	DEBUG	Received DOM event "DOMContentLoaded" for "https://dnevnik.mos.ru/manage/student_homeworks"
1508863581352	Marionette	DEBUG	Received DOM event "pageshow" for "https://dnevnik.mos.ru/manage/student_homeworks"
Unable to read VR Path Registry from C:\Users\Dmitry\AppData\Local\openvr\openvrpaths.vrpath
[Parent 8384] WARNING: pipe error: 109: file z:/build/build/src/ipc/chromium/src/chrome/common/ipc_channel_win.cc, line 346

###!!! [Child][MessageChannel::SendAndWait] Error: Channel error: cannot send/recv

	Received DOM event "pageshow" for "https://dnevnik.mos.ru/manage/student_homeworks"
Unable to read VR Path Registry from C:\Users\Dmitry\AppData\Local\openvr\openvrpaths.vrpath
[Child 5668] WARNING: pipe error: 109: file z:/build/build/src/ipc/chromium/src/chrome/common/ipc_channel_win.cc, line 346
[Child 5668] WARNING: pipe error: 109: file z:/build/build/src/ipc/chromium/src/chrome/common/ipc_channel_win.cc, line 346
*** UTM:SVC TimerManager:registerTimer called after profile-before-change notification. Ignoring timer registration for id: telemetry_modules_ping

###!!! [Child][MessageChannel::SendAndWait] Error: Channel error: cannot send/recv

Unable to read VR Path Registry from C:\Users\Dmitry\AppData\Local\openvr\openvrpaths.vrpath

sendError@chrome://marionette/content/listener.js:764:3
dispatch/</<@chrome://marionette/content/listener.js:530:40

Unable to read VR Path Registry from C:\Users\Dmitry\AppData\Local\openvr\openvrpaths.vrpath
[Parent 5116] WARNING: pipe error: 109: file z:/build/build/src/ipc/chromium/src/chrome/common/ipc_channel_win.cc, line 346
[Child 1276] WARNING: pipe error: 109: file z:/build/build/src/ipc/chromium/src/chrome/common/ipc_channel_win.cc, line 346
*** UTM:SVC TimerManager:registerTimer called after profile-before-change notification. Ignoring timer registration for id: telemetry_modules_ping

###!!! [Child][MessageChannel::SendAndWait] Error: Channel error: cannot send/recv

e to read VR Path Registry from C:\Users\Dmitry\AppData\Local\openvr\openvrpaths.vrpath
/recv

Unable to read VR Path Registry from C:\Users\Dmitry\AppData\Local\openvr\openvrpaths.vrpath
] Error: PLayerTransaction::Msg_ReleaseLayer Processing error: message was deserialized, but the handler returned false (indicating failure)

IPDL protocol error: Handler returned error code!

###!!! [Parent][DispatchAsyncMessage] Error: PLayerTransaction::Msg_ReleaseLayer Processing error: message was deserialized, but the handler returned false (indicating failure)

IPDL protocol error: Handler returned error code!

###!!! [Parent][DispatchAsyncMessage] Error: PLayerTransaction::Msg_ReleaseLayer Processing error: message was deserialized, but the handler returned false (indicating failure)

IPDL protocol error: Handler returned error code!

###!!! [Parent][DispatchAsyncMessage] Error: PLayerTransaction::Msg_ReleaseLayer Processing error: message was deserialized, but the handler returned false (indicating failure)

IPDL protocol error: Handler returned error code!

###!!! [Parent][DispatchAsyncMessage] Error: PLayerTransaction::Msg_ReleaseLayer Processing error: message was deserialized, but the handler returned false (indicating failure)


###!!! [Child][MessageChannel::SendAndWait] Error: Channel error: cannot send/recv

Unable to read VR Path Registry from C:\Users\Dmitry\AppData\Local\openvr\openvrpaths.vrpath
or: PLayerTransaction::Msg_ReleaseLayer Processing error: message was deserialized, but the handler returned false (indicating failure)

IPDL protocol error: Handler returned error code!

###!!! [Parent][DispatchAsyncMessage] Error: PLayerTransaction::Msg_ReleaseLayer Processing error: message was deserialized, but the handler returned false (indicating failure)

IPDL protocol error: Handler returned error code!

###!!! [Parent][DispatchAsyncMessage] Error: PLayerTransaction::Msg_ReleaseLayer Processing error: message was deserialized, but the handler returned false (indicating failure)

IPDL protocol error: Handler returned error code!

###!!! [Parent][DispatchAsyncMessage] Error: PLayerTransaction::Msg_ReleaseLayer Processing error: message was deserialized, but the handler returned false (indicating failure)

IPDL protocol error: Handler returned error code!

###!!! [Parent][DispatchAsyncMessage] Error: PLayerTransaction::Msg_ReleaseLayer Processing error: message was deserialized, but the handler returned false (indicating failure)

IPDL protocol error: Handler returned error code!

###!!! [Parent][DispatchAsyncMessage] Error: PLayerTransaction::Msg_ReleaseLayer Processing error: message was deserialized, but the handler returned false (indicating failure)

[Child 10536] WARNING: pipe error: 109: file z:/build/build/src/ipc/chromium/src/chrome/common/ipc_channel_win.cc, line 346

###!!! [Child][MessageChannel::SendAndWait] Error: Channel error: cannot send/recv

1508847920680	geckodriver::marionette	ERROR	Failed to kill browser process
DQwOQ%3D%3D&extid_tag_loader=www.mos.ru&ytt=5&p1=bxgae&p2=y&utf8=%E2%9C%93&grab=dNCX0LDQv9C40YHRjCDQsiDQutGA0YPQttC60LgsINGB0L_QvtGA0YLQuNCy0L3Ri9C1INGB0LXQutGG0LjQuCwg0LTQvtC80LAg0YLQstC-0YDRh9C10YHRgtCy0LAgLyDQlNC10L_QsNGA0YLQsNC80LXQvdGCINC-0LHRgNCw0LfQvtCy0LDQvdC40Y8g0LPQvtGA0L7QtNCwINCc0L7RgdC60LLRiyAvINCX0LDQv9C40YHRjCDRgNC10LHQtdC90LrQsCDQsiDQtNC-0Lwg0LTQtdGC0YHQutC-0LPQviDRgtCy0L7RgNGH0LXRgdGC0LLQsCDQuNC70Lgg0YHQtdC60YbQuNGOINC00LXRgtGB0LrQvtCz0L4g0YDQsNC30LLQuNGC0LjRjwox0JfQsNC_0LjRgdGMINCyINC60YDRg9C20LrQuCwg0YHQv9C-0YDRgtC40LLQvdGL0LUg0YHQtdC60YbQuNC4LCDQtNC-0LzQsCDRgtCy0L7RgNGH0LXRgdGC0LLQsCAKMtCY0L3RgdGC0YDRg9C60YbQuNGPINC_0L4g0L7RhNC-0YDQvNC70LXQvdC40Y4g0YPRgdC70YPQs9C4INCg0LDRgdC_0LXRh9Cw0YLQsNGC0YwgCjLQntC60YLRj9Cx0YDRjCAyMDE3IAoz0KjQsNCzIDEuIMKr0J_QvtC40YHQusK7IAoz0KjQsNCzIDIuIMKr0JLRi9Cx0L7RgCDRg9GB0LvRg9Cz0LjCuyAKM9Co0LDQsyAzLiDCq9CS0YvQsdC-0YAg0LTQsNGC0Ysg0Lgg0LLRgNC10LzQtdC90LjCuyAKM9Co0LDQsyA0LiDCq9Ce0LHRidC40LUg0YHQstC10LTQtdC90LjRj8K7IAoz0KjQsNCzIDUuIMKr0J_RgNC-0LLQtdGA0LrQsCDQtNCw0L3QvdGL0YXCuyAKM9Cg0LDRgdGI0LjRgNC10L3QvdGL0Lkg0L_QvtC40YHQuiAK, line 2: NS_ERROR_NOT_INITIALIZED: 
1508756741269	Marionette	DEBUG	Received observer notification "outer-window-destroyed" for "4294967383"
1508756741296	Marionette	DEBUG	Received DOM event "pageshow" for "https://www.mos.ru/pgu/ru/application/dogm/077060701/?onsite_from=popular#step_1"
JavaScript warning: https://www.mos.ru/static/js/libs2.js?BUILD-462.1, line 5588: unreachable code after return statement
JavaScript error: https://ads.adfox.ru/255877/prepareCode?bid=&dl=https%3A%2F%2Fwww.mos.ru%2Fservices%2Fcatalog%2Fpopular%2F&pd=23&pdh=1080&pdw=1920&pr1=2588552906&pr=4093950080&prr=https%3A%2F%2Foauth20.mos.ru%2Fsps%2Flogin.jsp&pv=14&pw=1&skipToken=&adSessionId=&layoutConfig=%7B%22win_width%22%3A1268%2C%22win_height%22%3A881%2C%22width%22%3A1251%2C%22height%22%3A0%2C%22left%22%3A0%2C%22top%22%3A174%2C%22visible%22%3A1%2C%22req_no%22%3A0%7D&ylv=0.525&ybv=0.525&extid_loader=MTUwODc1NjcyNDQ3MTMwNDQwOQ%3D%3D&extid_tag_loader=www.mos.ru&ytt=5&p1=bxgae&p2=y&utf8=%E2%9C%93&grab=dNCc0L7RgdC60L7QstGB0LrQuNC1INGD0YHQu9GD0LPQuCDQuCDRgdC10YDQstC40YHRiyAvINCh0LDQudGCINCc0L7RgdC60LLRiwo%3D, line 2: NS_ERROR_NOT_INITIALIZED: 
Unable to read VR Path Registry from C:\Users\Dmitry\AppData\Local\openvr\openvrpaths.vrpath
[Parent 7576] WARNING: pipe error: 109: file z:/build/build/src/ipc/chromium/src/chrome/common/ipc_channel_win.cc, line 346
[Child 7544] WARNING: pipe error: 109: file z:/build/build/src/ipc/chromium/src/chrome/common/ipc_channel_win.cc, line 346
[Child 7544] WARNING: pipe error: 109: file z:/build/build/src/ipc/chromium/src/chrome/common/ipc_channel_win.cc, line 346

###!!! [Child][MessageChannel::SendAndWait] Error: Channel error: cannot send/recv

